<?xml version="1.0" encoding="UTF-8"?>
<testsuite name="comp3111.webscraper.ControllerTest" tests="3" skipped="0" failures="0" errors="0" timestamp="2018-11-12T12:37:46" hostname="Victoria" time="1.898">
  <properties/>
  <testcase name="checkHelper_hasNextItem" classname="comp3111.webscraper.ControllerTest" time="1.896"/>
  <testcase name="checkHelper_checkCorrectTitle" classname="comp3111.webscraper.ControllerTest" time="0.0"/>
  <testcase name="checkRefining" classname="comp3111.webscraper.ControllerTest" time="0.001"/>
  <system-out><![CDATA[]]></system-out>
  <system-err><![CDATA[]]></system-err>
</testsuite>
