<?xml version="1.0" encoding="UTF-8"?>
<testsuite name="comp3111.webscraper.TrendTest" tests="5" skipped="0" failures="0" errors="0" timestamp="2018-11-13T03:34:13" hostname="kenneth-XPS-13" time="24.528">
  <properties/>
  <testcase name="testGetItemList" classname="comp3111.webscraper.TrendTest" time="8.817"/>
  <testcase name="parameterizedConstructor" classname="comp3111.webscraper.TrendTest" time="4.739"/>
  <testcase name="testGetDatesString" classname="comp3111.webscraper.TrendTest" time="3.894"/>
  <testcase name="testInitializeTrend" classname="comp3111.webscraper.TrendTest" time="3.568"/>
  <testcase name="testDefaultConstructor" classname="comp3111.webscraper.TrendTest" time="3.51"/>
  <system-out><![CDATA[size of craiglistItems list= 120
size of carousellItems list= 40
size of craiglistItems list= 120
size of carousellItems list= 40
size of craiglistItems list= 120
size of carousellItems list= 40
size of craiglistItems list= 120
size of carousellItems list= 40
size of craiglistItems list= 120
size of carousellItems list= 40
]]></system-out>
  <system-err><![CDATA[]]></system-err>
</testsuite>
