<?xml version="1.0" encoding="UTF-8"?>
<testsuite name="comp3111.webscraper.ItemTest" tests="1" skipped="0" failures="0" errors="0" timestamp="2018-11-12T10:14:58" hostname="kenneth-XPS-13" time="0.001">
  <properties/>
  <testcase name="testSetTitle" classname="comp3111.webscraper.ItemTest" time="0.001"/>
  <system-out><![CDATA[]]></system-out>
  <system-err><![CDATA[]]></system-err>
</testsuite>
